======================================================================
CMT1-CMT9: Additional 20 runs (11-30) with DaS
Results will be saved to cmt_results_runs_11_30.json
======================================================================

======================================================================
CMT1: Running 20 additional runs (seeds 10-29)...
======================================================================
Run 11: T1=0.0000e+00, T2=0.0000e+00 (22.8s)
Run 12: T1=0.0000e+00, T2=0.0000e+00 (44.2s)
Run 13: T1=0.0000e+00, T2=0.0000e+00 (29.2s)
Run 14: T1=0.0000e+00, T2=0.0000e+00 (37.3s)
Run 15: T1=0.0000e+00, T2=0.0000e+00 (622.4s)
Run 16: T1=0.0000e+00, T2=0.0000e+00 (1912.8s)
Run 17: T1=0.0000e+00, T2=0.0000e+00 (28.2s)
Run 18: T1=0.0000e+00, T2=0.0000e+00 (22.9s)
Run 19: T1=0.0000e+00, T2=0.0000e+00 (24.9s)
Run 20: T1=0.0000e+00, T2=0.0000e+00 (32.7s)
Run 21: T1=0.0000e+00, T2=0.0000e+00 (24.4s)
Run 22: T1=0.0000e+00, T2=5.6843e-14 (29.3s)
Run 23: T1=0.0000e+00, T2=1.1369e-13 (27.2s)
Run 24: T1=0.0000e+00, T2=0.0000e+00 (71.3s)
Run 25: T1=0.0000e+00, T2=1.1369e-13 (29.1s)
Run 26: T1=0.0000e+00, T2=0.0000e+00 (25.4s)
Run 27: T1=0.0000e+00, T2=0.0000e+00 (26.8s)
Run 28: T1=0.0000e+00, T2=0.0000e+00 (104.8s)
Run 29: T1=0.0000e+00, T2=0.0000e+00 (28.4s)
Run 30: T1=0.0000e+00, T2=0.0000e+00 (27.1s)

======================================================================
CMT2: Running 20 additional runs (seeds 10-29)...
======================================================================
Run 11: T1=2.9887e-13, T2=0.0000e+00 (28.4s)
Run 12: T1=9.2815e-14, T2=0.0000e+00 (43.3s)
Run 13: T1=5.2496e-10, T2=0.0000e+00 (28.9s)
Run 14: T1=9.1345e-12, T2=0.0000e+00 (25.6s)
Run 15: T1=4.4409e-16, T2=0.0000e+00 (52.2s)
Run 16: T1=1.8336e-12, T2=0.0000e+00 (31.1s)
Run 17: T1=4.7460e-10, T2=0.0000e+00 (24.5s)
Run 18: T1=5.1722e-10, T2=0.0000e+00 (23.4s)
Run 19: T1=4.4409e-16, T2=0.0000e+00 (47.5s)
Run 20: T1=1.2834e-13, T2=0.0000e+00 (23.9s)
Run 21: T1=6.1655e-10, T2=0.0000e+00 (23.7s)
Run 22: T1=7.5495e-15, T2=0.0000e+00 (27.2s)
Run 23: T1=7.5495e-15, T2=0.0000e+00 (39.4s)
Run 24: T1=1.2333e-10, T2=0.0000e+00 (68.4s)
Run 25: T1=3.4909e-11, T2=0.0000e+00 (30.1s)
Run 26: T1=6.7893e-10, T2=0.0000e+00 (24.4s)
Run 27: T1=3.4889e-10, T2=0.0000e+00 (25.7s)
Run 28: T1=1.4634e-10, T2=0.0000e+00 (108.2s)
Run 29: T1=3.6245e-10, T2=0.0000e+00 (23.0s)
Run 30: T1=2.7282e-10, T2=0.0000e+00 (26.4s)

======================================================================
CMT3: Running 20 additional runs (seeds 10-29)...
======================================================================
Run 11: T1=2.8866e-14, T2=6.3638e-04 (32.3s)
Run 12: T1=2.8866e-14, T2=6.3638e-04 (49.2s)
Run 13: T1=1.4929e-09, T2=6.3638e-04 (25.0s)
Run 14: T1=4.6707e-09, T2=6.3638e-04 (25.9s)
Run 15: T1=2.8866e-14, T2=6.3638e-04 (46.0s)
Run 16: T1=3.7480e-10, T2=6.3638e-04 (27.7s)
Run 17: T1=2.8866e-14, T2=6.3638e-04 (29.7s)
Run 18: T1=2.8866e-14, T2=6.3638e-04 (25.3s)
Run 19: T1=2.7045e-13, T2=6.3638e-04 (21.8s)
Run 20: T1=1.2581e-12, T2=6.3638e-04 (21.9s)
Run 21: T1=1.3761e-09, T2=6.3638e-04 (23.7s)
Run 22: T1=2.8866e-14, T2=6.3638e-04 (34.8s)
Run 23: T1=8.8633e-08, T2=6.3638e-04 (24.7s)
Run 24: T1=4.7256e-12, T2=6.3638e-04 (68.3s)
Run 25: T1=2.8866e-14, T2=6.3638e-04 (44.1s)
Run 26: T1=7.1498e-14, T2=6.3638e-04 (24.8s)
Run 27: T1=4.5663e-09, T2=6.3638e-04 (25.7s)
Run 28: T1=2.8866e-14, T2=6.3638e-04 (105.2s)
Run 29: T1=7.2646e-07, T2=6.3638e-04 (22.6s)
Run 30: T1=2.8866e-14, T2=6.3638e-04 (38.1s)

======================================================================
CMT4: Running 20 additional runs (seeds 10-29)...
======================================================================
Run 11: T1=0.0000e+00, T2=3.8200e+02 (30.4s)
Run 12: T1=1.1369e-13, T2=3.7828e+02 (53.7s)
Run 13: T1=1.5919e+01, T2=3.8141e+02 (31.1s)
Run 14: T1=0.0000e+00, T2=3.7738e+02 (33.1s)
Run 15: T1=0.0000e+00, T2=3.7609e+02 (47.8s)
Run 16: T1=1.1940e+01, T2=3.8066e+02 (35.0s)
Run 17: T1=1.2934e+01, T2=3.8220e+02 (36.4s)
Run 18: T1=0.0000e+00, T2=3.8847e+02 (29.7s)
Run 19: T1=9.9496e-01, T2=3.7628e+02 (30.3s)
Run 20: T1=9.9496e-01, T2=3.7714e+02 (32.2s)
Run 21: T1=0.0000e+00, T2=3.7663e+02 (33.8s)
Run 22: T1=0.0000e+00, T2=3.7759e+02 (41.4s)
Run 23: T1=4.0135e+01, T2=3.8119e+02 (28.5s)
Run 24: T1=9.5166e-01, T2=3.7625e+02 (103.9s)
Run 25: T1=3.3658e+01, T2=3.7809e+02 (34.0s)
Run 26: T1=1.9899e+00, T2=3.7688e+02 (42.3s)
Run 27: T1=9.9496e-01, T2=3.7654e+02 (42.4s)
Run 28: T1=5.9698e+00, T2=3.7662e+02 (121.3s)
Run 29: T1=4.9651e+01, T2=3.7835e+02 (24.2s)
Run 30: T1=5.9698e+00, T2=3.7879e+02 (48.1s)

======================================================================
CMT5: Running 20 additional runs (seeds 10-29)...
======================================================================
Run 11: T1=1.1102e-14, T2=4.6672e+01 (32.9s)
Run 12: T1=4.8357e-12, T2=4.7134e+01 (52.1s)
Run 13: T1=2.6745e-03, T2=4.6873e+01 (45.1s)
Run 14: T1=1.9758e-12, T2=4.7179e+01 (37.3s)
Run 15: T1=4.4409e-16, T2=4.7648e+01 (43.3s)
Run 16: T1=4.5871e-06, T2=4.7074e+01 (35.4s)
Run 17: T1=1.8208e-14, T2=4.7104e+01 (33.9s)
Run 18: T1=2.8866e-14, T2=4.6176e+01 (30.6s)
Run 19: T1=4.4409e-16, T2=4.6857e+01 (28.5s)
Run 20: T1=1.4655e-14, T2=1.1030e+02 (32.0s)
Run 21: T1=4.4409e-16, T2=4.4688e+01 (29.0s)
Run 22: T1=1.4655e-14, T2=4.8211e+01 (37.3s)
Run 23: T1=3.9524e-14, T2=4.6634e+01 (30.3s)
Run 24: T1=1.4655e-14, T2=4.7146e+01 (89.6s)
Run 25: T1=2.1760e-14, T2=4.7361e+01 (32.0s)
Run 26: T1=4.4409e-16, T2=4.7203e+01 (29.4s)
Run 27: T1=1.1413e-13, T2=4.7131e+01 (36.7s)
Run 28: T1=4.4409e-16, T2=4.7561e+01 (115.5s)
Run 29: T1=4.4200e-11, T2=3.8044e+01 (32.2s)
Run 30: T1=4.4409e-16, T2=4.7671e+01 (32.6s)

======================================================================
CMT6: Running 20 additional runs (seeds 10-29)...
======================================================================
Run 11: T1=4.3077e-14, T2=-3.9777e-18 (124.0s)
Run 12: T1=4.4409e-16, T2=-3.9777e-18 (138.8s)
Run 13: T1=4.4409e-16, T2=-3.9777e-18 (138.7s)
Run 14: T1=4.4409e-16, T2=1.2721e-09 (127.6s)
Run 15: T1=4.4409e-16, T2=-3.9777e-18 (134.0s)
Run 16: T1=4.4409e-16, T2=-3.9777e-18 (126.2s)
Run 17: T1=4.4409e-16, T2=-3.9777e-18 (149.2s)
Run 18: T1=4.4409e-16, T2=-3.9777e-18 (123.0s)
Run 19: T1=4.4409e-16, T2=-3.9777e-18 (127.4s)
Run 20: T1=4.4409e-16, T2=-3.9777e-18 (202.4s)
Run 21: T1=1.1102e-14, T2=-3.9777e-18 (189.2s)
Run 22: T1=1.1102e-14, T2=-3.9777e-18 (126.1s)
Run 23: T1=4.3077e-14, T2=-3.9777e-18 (124.0s)
Run 24: T1=4.4409e-16, T2=-3.9777e-18 (166.6s)
Run 25: T1=4.4409e-16, T2=-3.9777e-18 (130.2s)
Run 26: T1=3.2370e-12, T2=-3.9777e-18 (124.5s)
Run 27: T1=4.4409e-16, T2=-3.9777e-18 (149.7s)
Run 28: T1=4.4409e-16, T2=-3.9777e-18 (200.7s)
Run 29: T1=3.2419e-14, T2=-3.9777e-18 (121.2s)
Run 30: T1=5.0182e-14, T2=-3.9777e-18 (125.1s)

======================================================================
CMT7: Running 20 additional runs (seeds 10-29)...
======================================================================
Run 11: T1=1.3905e+00, T2=6.1687e+01 (33.9s)
Run 12: T1=1.0951e+00, T2=6.1687e+01 (51.9s)
Run 13: T1=3.1023e+01, T2=6.1687e+01 (36.8s)
Run 14: T1=9.3459e+00, T2=6.0994e+01 (35.7s)
Run 15: T1=1.4072e+00, T2=6.1687e+01 (43.0s)
Run 16: T1=4.1248e+01, T2=6.1687e+01 (39.3s)
Run 17: T1=1.0907e+00, T2=6.1687e+01 (33.6s)
Run 18: T1=3.5507e+03, T2=6.1810e+01 (34.1s)
Run 19: T1=1.4781e+00, T2=6.2682e+01 (45.3s)
Run 20: T1=9.5279e+00, T2=6.4810e+01 (30.1s)
Run 21: T1=2.4948e+00, T2=6.3691e+01 (35.9s)
Run 22: T1=2.0143e+02, T2=6.3677e+01 (33.3s)
Run 23: T1=2.7893e+00, T2=6.1687e+01 (30.1s)
Run 24: T1=3.1404e+02, T2=6.0692e+01 (120.9s)
Run 25: T1=3.8103e+02, T2=6.1687e+01 (40.2s)
Run 26: T1=2.6383e+00, T2=6.2682e+01 (35.9s)
Run 27: T1=6.5137e+00, T2=6.1687e+01 (32.3s)
Run 28: T1=5.5520e+01, T2=6.2682e+01 (121.6s)
Run 29: T1=1.5448e+00, T2=6.3677e+01 (30.9s)
Run 30: T1=1.8267e+00, T2=6.1687e+01 (33.3s)

======================================================================
CMT8: Running 20 additional runs (seeds 10-29)...
======================================================================
Run 11: T1=6.0006e+00, T2=4.2364e+01 (136.9s)
Run 12: T1=6.0003e+00, T2=4.2310e+01 (155.2s)
Run 13: T1=6.0008e+00, T2=4.3316e+01 (143.5s)
Run 14: T1=6.0012e+00, T2=4.2881e+01 (130.8s)
Run 15: T1=6.0008e+00, T2=4.4831e+01 (144.5s)
Run 16: T1=6.0036e+00, T2=4.4302e+01 (130.4s)
Run 17: T1=6.0009e+00, T2=4.2310e+01 (135.2s)
Run 18: T1=6.0010e+00, T2=4.2933e+01 (132.1s)
Run 19: T1=6.0007e+00, T2=4.3360e+01 (135.7s)
Run 20: T1=6.0010e+00, T2=4.2813e+01 (134.2s)
Run 21: T1=6.0008e+00, T2=4.2650e+01 (130.1s)
Run 22: T1=6.0003e+00, T2=4.2310e+01 (147.6s)
Run 23: T1=6.0007e+00, T2=4.2734e+01 (131.7s)
Run 24: T1=6.0002e+00, T2=4.3153e+01 (191.5s)
Run 25: T1=6.0126e+00, T2=4.5995e+01 (126.6s)
Run 26: T1=6.0008e+00, T2=4.2936e+01 (128.6s)
Run 27: T1=6.0010e+00, T2=4.3819e+01 (131.9s)
Run 28: T1=6.0003e+00, T2=4.2310e+01 (217.5s)
Run 29: T1=6.0003e+00, T2=4.2310e+01 (129.8s)
Run 30: T1=6.0009e+00, T2=4.2937e+01 (131.0s)

======================================================================
CMT9: Running 20 additional runs (seeds 10-29)...
======================================================================
Run 11: T1=8.8847e+03, T2=1.6594e+04 (31.0s)
Run 12: T1=1.2903e+04, T2=1.6594e+04 (51.5s)
Run 13: T1=5.9155e+03, T2=1.6594e+04 (30.1s)
Run 14: T1=1.0805e+04, T2=1.6594e+04 (34.2s)
Run 15: T1=6.9454e+03, T2=1.6625e+04 (46.5s)
Run 16: T1=9.3235e+03, T2=1.6594e+04 (29.8s)
Run 17: T1=9.2818e+03, T2=1.6625e+04 (28.7s)
Run 18: T1=1.0825e+04, T2=1.6625e+04 (31.6s)
Run 19: T1=1.0305e+04, T2=1.6596e+04 (22.8s)
Run 20: T1=1.1623e+04, T2=1.6599e+04 (22.4s)
Run 21: T1=1.1464e+04, T2=1.6594e+04 (23.1s)
Run 22: T1=7.0183e+03, T2=1.6594e+04 (37.1s)
Run 23: T1=6.5336e+03, T2=1.6594e+04 (30.7s)
Run 24: T1=7.7987e+03, T2=1.6594e+04 (107.4s)
Run 25: T1=1.0811e+04, T2=1.6594e+04 (38.5s)
Run 26: T1=5.9679e+03, T2=1.6625e+04 (28.1s)
Run 27: T1=1.0050e+04, T2=1.6594e+04 (31.8s)
Run 28: T1=9.0800e+03, T2=1.6625e+04 (119.2s)
Run 29: T1=9.5444e+03, T2=1.6594e+04 (31.1s)
Run 30: T1=7.1091e+03, T2=1.6594e+04 (26.1s)

======================================================================
Results saved to cmt_results_runs_11_30.json
======================================================================
